2025-12-29 02:48:21 INFO  exam2.LumioTest - MetricsCollector reset - starting fresh test run
2025-12-29 02:48:21 INFO  exam2.LumioTest - Launching Chrome browser
2025-12-29 02:48:29 INFO  exam2.SliderTest - 🌐 Navigated to: https://tldr.lumiolabs.ai/
2025-12-29 02:48:34 INFO  exam2.SliderTest - 📊 Found 7 providers to test
2025-12-29 02:48:37 INFO  exam2.LumioTest - Navigated to TLDR application
2025-12-29 02:48:38 INFO  exam2.LumioTest - Verifying page title
2025-12-29 02:48:38 INFO  exam2.LumioTest - Opening calendar
2025-12-29 02:48:44 INFO  exam2.LumioTest - Reached October 2025
2025-12-29 02:48:46 INFO  exam2.LumioTest - Weekly Content Validation from October to Till of December
2025-12-29 02:48:46 INFO  exam2.LumioTest - Validating weekly content
2025-12-29 02:48:49 INFO  exam2.LumioTest - Month name    WeekNumber 1
2025-12-29 02:48:49 INFO  exam2.LumioTest - Total no of movies 10
2025-12-29 02:48:49 INFO  exam2.LumioTest - ✅ Movie index 0 | Title: Hridayapoorvam
2025-12-29 02:48:50 INFO  exam2.LumioTest - ✅ Movie index 1 | Title: The Woman In The Yard
2025-12-29 02:48:50 INFO  exam2.LumioTest - ✅ Movie index 2 | Title: Thammudu
2025-12-29 02:48:50 INFO  exam2.LumioTest - ✅ Movie index 3 | Title: Salaar: Part 1 - Ceasefire
2025-12-29 02:48:51 INFO  exam2.LumioTest - ✅ Movie index 4 | Title: Kill
2025-12-29 02:48:52 INFO  exam2.LumioTest - ✅ Movie index 5 | Title: 12th Fail
2025-12-29 02:48:52 INFO  exam2.LumioTest - ✅ Movie index 6 | Title: A Minecraft Movie
2025-12-29 02:48:52 INFO  exam2.LumioTest - ✅ Movie index 7 | Title: Oppenheimer
2025-12-29 02:48:52 INFO  exam2.LumioTest - ✅ Movie index 8 | Title: Sarzameen
2025-12-29 02:48:52 INFO  exam2.LumioTest - ✅ Movie index 9 | Title: Kesari Chapter 2
2025-12-29 02:48:55 INFO  exam2.LumioTest - Month name    WeekNumber 2
2025-12-29 02:48:55 INFO  exam2.LumioTest - Total no of movies 10
2025-12-29 02:48:56 INFO  exam2.LumioTest - ✅ Movie index 0 | Title: Thammudu
2025-12-29 02:48:58 INFO  exam2.LumioTest - ✅ Movie index 1 | Title: Salaar: Part 1 - Ceasefire
2025-12-29 02:48:58 INFO  exam2.LumioTest - ✅ Movie index 2 | Title: Hridayapoorvam
2025-12-29 02:48:58 INFO  exam2.LumioTest - ✅ Movie index 3 | Title: Kill
2025-12-29 02:48:58 INFO  exam2.LumioTest - ✅ Movie index 4 | Title: 12th Fail
2025-12-29 02:48:58 INFO  exam2.LumioTest - ✅ Movie index 5 | Title: Kesari Chapter 2
2025-12-29 02:48:59 INFO  exam2.LumioTest - ✅ Movie index 6 | Title: Fifty Shades Freed
2025-12-29 02:48:59 INFO  exam2.LumioTest - ✅ Movie index 7 | Title: Oppenheimer
2025-12-29 02:48:59 INFO  exam2.LumioTest - ✅ Movie index 8 | Title: The Great Wall
2025-12-29 02:48:59 INFO  exam2.LumioTest - ✅ Movie index 9 | Title: Harry Potter And The Philosopher's Stone
2025-12-29 02:49:00 INFO  exam2.LumioTest - Month name    WeekNumber 3
2025-12-29 02:49:00 INFO  exam2.LumioTest - Total no of movies 10
2025-12-29 02:49:01 INFO  exam2.LumioTest - ✅ Movie index 0 | Title: Final Destination: Bloodlines
2025-12-29 02:49:01 INFO  exam2.LumioTest - ✅ Movie index 1 | Title: How To Train Your Dragon
2025-12-29 02:49:01 INFO  exam2.LumioTest - ✅ Movie index 2 | Title: Salaar: Part 1 - Ceasefire
2025-12-29 02:49:02 INFO  exam2.LumioTest - ✅ Movie index 3 | Title: 12th Fail
2025-12-29 02:49:02 INFO  exam2.LumioTest - ✅ Movie index 4 | Title: Thammudu
2025-12-29 02:49:02 INFO  exam2.LumioTest - ✅ Movie index 5 | Title: Kesari Chapter 2
2025-12-29 02:49:02 INFO  exam2.LumioTest - ✅ Movie index 6 | Title: Kill
2025-12-29 02:49:02 INFO  exam2.LumioTest - ✅ Movie index 7 | Title: Fifty Shades Freed
2025-12-29 02:49:03 INFO  exam2.LumioTest - ✅ Movie index 8 | Title: Hridayapoorvam
2025-12-29 02:49:03 INFO  exam2.LumioTest - ✅ Movie index 9 | Title: Harry Potter And The Philosopher's Stone
2025-12-29 02:49:03 INFO  exam2.LumioTest - Month name    WeekNumber 4
2025-12-29 02:49:03 INFO  exam2.LumioTest - Total no of movies 10
2025-12-29 02:49:03 INFO  exam2.LumioTest - ✅ Movie index 0 | Title: Final Destination: Bloodlines
2025-12-29 02:49:05 INFO  exam2.LumioTest - ✅ Movie index 1 | Title: How To Train Your Dragon
2025-12-29 02:49:07 INFO  exam2.LumioTest - ✅ Movie index 2 | Title: Salaar: Part 1 - Ceasefire
2025-12-29 02:49:07 INFO  exam2.SliderTest - ✅ 'Watch On' validation PASSED for: 40 Acres
2025-12-29 02:49:08 INFO  exam2.LumioTest - ✅ Movie index 3 | Title: 12th Fail
2025-12-29 02:49:08 INFO  exam2.LumioTest - ✅ Movie index 4 | Title: Munjya
2025-12-29 02:49:08 INFO  exam2.LumioTest - ✅ Movie index 5 | Title: Kill
2025-12-29 02:49:08 INFO  exam2.LumioTest - ✅ Movie index 6 | Title: Fifty Shades Freed
2025-12-29 02:49:08 INFO  exam2.LumioTest - ✅ Movie index 7 | Title: Harry Potter And The Philosopher's Stone
2025-12-29 02:49:08 INFO  exam2.LumioTest - ✅ Movie index 8 | Title: Kesari Chapter 2
2025-12-29 02:49:08 INFO  exam2.LumioTest - ✅ Movie index 9 | Title: Avengers: Endgame
2025-12-29 02:49:09 INFO  exam2.LumioTest - Month name    WeekNumber 5
2025-12-29 02:49:10 INFO  exam2.LumioTest - Total no of movies 10
2025-12-29 02:49:10 INFO  exam2.LumioTest - ✅ Movie index 0 | Title: Lokah Chapter 1: Chandra
2025-12-29 02:49:11 INFO  exam2.LumioTest - ✅ Movie index 1 | Title: Bhadrakaali
2025-12-29 02:49:11 INFO  exam2.LumioTest - ✅ Movie index 2 | Title: Final Destination: Bloodlines
2025-12-29 02:49:12 INFO  exam2.LumioTest - ✅ Movie index 3 | Title: How To Train Your Dragon
2025-12-29 02:49:12 INFO  exam2.LumioTest - ✅ Movie index 4 | Title: M3GAN 2.0
2025-12-29 02:49:12 INFO  exam2.LumioTest - ✅ Movie index 5 | Title: Salaar: Part 1 - Ceasefire
2025-12-29 02:49:12 INFO  exam2.LumioTest - ✅ Movie index 6 | Title: Fifty Shades Freed
2025-12-29 02:49:12 INFO  exam2.LumioTest - ✅ Movie index 7 | Title: 12th Fail
2025-12-29 02:49:12 INFO  exam2.LumioTest - ✅ Movie index 8 | Title: Kill
2025-12-29 02:49:12 INFO  exam2.LumioTest - ✅ Movie index 9 | Title: Munjya
2025-12-29 02:49:13 INFO  exam2.LumioTest - Validating weekly content
2025-12-29 02:49:17 INFO  exam2.LumioTest - Month name  November  WeekNumber 1
2025-12-29 02:49:17 INFO  exam2.LumioTest - Total no of movies 10
2025-12-29 02:49:18 INFO  exam2.LumioTest - ✅ Movie index 0 | Title: Lokah Chapter 1: Chandra
2025-12-29 02:49:18 INFO  exam2.SliderTest - ✅ 'Play Trailer' validation PASSED for: 40 Acres
2025-12-29 02:49:19 INFO  exam2.LumioTest - ✅ Movie index 1 | Title: Bhadrakaali
2025-12-29 02:49:20 INFO  exam2.LumioTest - ✅ Movie index 2 | Title: Final Destination: Bloodlines
2025-12-29 02:49:20 INFO  exam2.LumioTest - ✅ Movie index 3 | Title: How To Train Your Dragon
2025-12-29 02:49:21 INFO  exam2.LumioTest - ✅ Movie index 4 | Title: M3GAN 2.0
2025-12-29 02:49:23 INFO  exam2.LumioTest - ✅ Movie index 5 | Title: Salaar: Part 1 - Ceasefire
2025-12-29 02:49:24 INFO  exam2.LumioTest - ✅ Movie index 6 | Title: Fifty Shades Freed
2025-12-29 02:49:24 INFO  exam2.LumioTest - ✅ Movie index 7 | Title: 12th Fail
2025-12-29 02:49:24 INFO  exam2.LumioTest - ✅ Movie index 8 | Title: Kill
2025-12-29 02:49:24 INFO  exam2.LumioTest - ✅ Movie index 9 | Title: Munjya
2025-12-29 02:49:28 INFO  exam2.LumioTest - Month name  November  WeekNumber 2
2025-12-29 02:49:29 INFO  exam2.LumioTest - Total no of movies 10
2025-12-29 02:49:31 INFO  exam2.LumioTest - ✅ Movie index 0 | Title: Mirai
2025-12-29 02:49:32 INFO  exam2.LumioTest - ✅ Movie index 1 | Title: Lokah Chapter 1: Chandra
2025-12-29 02:49:32 INFO  exam2.LumioTest - ✅ Movie index 2 | Title: The Fantastic Four: First Steps
2025-12-29 02:49:32 INFO  exam2.LumioTest - ✅ Movie index 3 | Title: Bhadrakaali
2025-12-29 02:49:33 INFO  exam2.LumioTest - ✅ Movie index 4 | Title: Final Destination: Bloodlines
2025-12-29 02:49:34 INFO  exam2.LumioTest - ✅ Movie index 5 | Title: How To Train Your Dragon
2025-12-29 02:49:34 INFO  exam2.LumioTest - ✅ Movie index 6 | Title: Jurassic World Dominion
2025-12-29 02:49:34 INFO  exam2.LumioTest - ✅ Movie index 7 | Title: Salaar: Part 1 - Ceasefire
2025-12-29 02:49:35 INFO  exam2.SliderTest - ✅ 'Watch On' validation PASSED for: Avatar: The Way of Water
2025-12-29 02:49:35 INFO  exam2.LumioTest - ✅ Movie index 8 | Title: 12th Fail
2025-12-29 02:49:35 INFO  exam2.LumioTest - ✅ Movie index 9 | Title: Bad Girl
2025-12-29 02:49:37 INFO  exam2.LumioTest - Month name  November  WeekNumber 3
2025-12-29 02:49:38 INFO  exam2.LumioTest - Total no of movies 10
2025-12-29 02:49:38 INFO  exam2.LumioTest - ✅ Movie index 0 | Title: Jurassic World Rebirth
2025-12-29 02:49:38 INFO  exam2.LumioTest - ✅ Movie index 1 | Title: Mirai
2025-12-29 02:49:38 INFO  exam2.LumioTest - ✅ Movie index 2 | Title: Lokah Chapter 1: Chandra
2025-12-29 02:49:38 INFO  exam2.LumioTest - ✅ Movie index 3 | Title: The Fantastic Four: First Steps
2025-12-29 02:49:38 INFO  exam2.LumioTest - ✅ Movie index 4 | Title: Avihitham
2025-12-29 02:49:38 INFO  exam2.LumioTest - ✅ Movie index 5 | Title: Jurassic World Dominion
2025-12-29 02:49:39 INFO  exam2.LumioTest - ✅ Movie index 6 | Title: Bhadrakaali
2025-12-29 02:49:40 INFO  exam2.LumioTest - ✅ Movie index 7 | Title: Salaar: Part 1 - Ceasefire
2025-12-29 02:49:40 INFO  exam2.LumioTest - ✅ Movie index 8 | Title: The Bourne Legacy
2025-12-29 02:49:40 INFO  exam2.LumioTest - ✅ Movie index 9 | Title: How To Train Your Dragon
2025-12-29 02:49:41 INFO  exam2.LumioTest - Month name  November  WeekNumber 4
2025-12-29 02:49:41 INFO  exam2.LumioTest - Total no of movies 10
2025-12-29 02:49:42 INFO  exam2.LumioTest - ✅ Movie index 0 | Title: Jurassic World Rebirth
2025-12-29 02:49:42 INFO  exam2.LumioTest - ✅ Movie index 1 | Title: Mirai
